<?xml version="1.0" encoding="UTF-8"?>
<testng-results ignored="0" total="1" passed="1" failed="0" skipped="0">
  <reporter-output>
  </reporter-output>
  <suite started-at="2022-07-11T23:50:00 IST" name="Default suite" finished-at="2022-07-11T23:50:01 IST" duration-ms="754">
    <groups>
    </groups>
    <test started-at="2022-07-11T23:50:00 IST" name="Default test" finished-at="2022-07-11T23:50:01 IST" duration-ms="754">
      <class name="pom.LoginTest">
        <test-method is-config="true" signature="OpenWebPage()[pri:0, instance:pom.LoginTest@4efbca5a]" started-at="2022-07-11T23:49:47 IST" name="OpenWebPage" finished-at="2022-07-11T23:50:00 IST" duration-ms="13528" status="PASS">
          <reporter-output>
          </reporter-output>
        </test-method> <!-- OpenWebPage -->
        <test-method is-config="true" signature="initObject()[pri:0, instance:pom.LoginTest@4efbca5a]" started-at="2022-07-11T23:50:00 IST" name="initObject" finished-at="2022-07-11T23:50:00 IST" duration-ms="73" status="PASS">
          <reporter-output>
          </reporter-output>
        </test-method> <!-- initObject -->
        <test-method signature="LoginCred()[pri:0, instance:pom.LoginTest@4efbca5a]" started-at="2022-07-11T23:50:00 IST" name="LoginCred" finished-at="2022-07-11T23:50:01 IST" duration-ms="590" status="PASS">
          <reporter-output>
          </reporter-output>
        </test-method> <!-- LoginCred -->
        <test-method is-config="true" signature="CloseWabPage()[pri:0, instance:pom.LoginTest@4efbca5a]" started-at="2022-07-11T23:50:01 IST" name="CloseWabPage" finished-at="2022-07-11T23:50:01 IST" duration-ms="0" status="PASS">
          <reporter-output>
          </reporter-output>
        </test-method> <!-- CloseWabPage -->
      </class> <!-- pom.LoginTest -->
    </test> <!-- Default test -->
  </suite> <!-- Default suite -->
</testng-results>
